2023-07-05 11:34:33.094|I|Thread-1|(DELAYED) nexial-core dev_0000 starting up...
2023-07-05 11:34:33.094|I|Thread-1|(DELAYED) data file resolved as C:\Users\al5170\tmp\hnpcU\I18N.data.xlsx
2023-07-05 11:34:33.094|I|Thread-1|(DELAYED) input files and output directory resolved...
2023-07-05 11:34:33.094|I|Thread-1|(DELAYED) cleaning up outdated temp files...
2023-07-05 11:34:33.094|I|Thread-1|(DELAYED) No predefined nexial-setup found
2023-07-05 11:34:33.094|I|Thread-1|(DELAYED) re-fetching data from C:\projects\Humanetics\artifact\data\I18N.data.xlsx
2023-07-05 11:34:33.094|I|Thread-1|(DELAYED) [20230705_113431] [C:\projects\Humanetics\artifact\script\I18N.xlsx] resolve RUN ID as 20230705_113431
2023-07-05 11:34:33.141|I|Thread-1|(DELAYED) [20230705_113431] [C:\projects\Humanetics\artifact\script\I18N.xlsx] new thread started
2023-07-05 11:34:33.141|I|Thread-1|No predefined nexial-setup found
2023-07-05 11:34:33.628|I|Thread-1|outputBase not set; output-to-cloud DISABLED!
2023-07-05 11:34:33.628|I|Thread-1|accessKey not set; output-to-cloud DISABLED!
2023-07-05 11:34:33.628|I|Thread-1|secretKey not set; output-to-cloud DISABLED!
2023-07-05 11:34:33.847|I|Thread-1|missing REQUIRED configuration; sms DISABLED!
2023-07-05 11:34:34.539|I|Thread-1|On-Demand Inspection detection enabled
2023-07-05 11:34:34.555|I|Thread-1|[20230705_113431] executing C:\projects\Humanetics\artifact\script\I18N.xlsx with 1 iteration(s)
2023-07-05 11:34:34.555|I|Thread-1|[20230705_113431] create directory C:\projects\Humanetics\output\20230705_113431\captures
2023-07-05 11:34:34.555|I|Thread-1|[20230705_113431] create directory C:\projects\Humanetics\output\20230705_113431\logs
2023-07-05 11:34:34.875|I|Thread-1|[20230705_113431] merging test data to tmp file C:\projects\Humanetics\output\20230705_113431\I18N.20230705_113434.001.xlsx
2023-07-05 11:34:34.875|I|Thread-1|re-fetching data from C:\projects\Humanetics\artifact\data\I18N.data.xlsx
2023-07-05 11:34:35.174|I|Thread-1|[20230705_113431] test script and test data merged to C:\projects\Humanetics\output\20230705_113431\I18N.20230705_113434.001.xlsx
2023-07-05 11:34:35.798|I|Thread-1|STARTS
2023-07-05 11:34:36.902|I|Thread-1|resolving WPS Spreadsheet as 'C:\Users\al5170\AppData\Local\Kingsoft\WPS Office\11.2.0.11537\office6\et.exe
2023-07-05 11:34:36.907|I|Thread-1|I18N.20230705_113434.001 - executing iteration #1 of 1; Iteration Id 1
2023-07-05 11:34:36.917|I|Thread-1|I18N.20230705_113434.001|customWebpage - executing test scenario
2023-07-05 11:34:36.917|I|Thread-1|I18N.20230705_113434.001|customWebpage|Start Recording - executing activity
2023-07-05 11:34:36.922|I|Thread-1|I18N.20230705_113434.001|customWebpage|Start Recording|#  5|base.startRecording()     - executing startRecording()()
2023-07-05 11:34:37.629|I|Thread-1|[ROW 5] start recording to 'C:\projects\Humanetics\output\20230705_113431\captures\I18N.20230705_113434.001.xlsx_customWebpage_A5.mp4'
2023-07-05 11:34:39.370|I|Thread-1|I18N.20230705_113434.001|customWebpage|Start Recording|#  5|base.startRecording()     - PASS desktop recording started; saved C:\projects\Humanetics\output\20230705_113431\captures\I18N.20230705_113434.001.xlsx_customWebpage_A5.mp4
2023-07-05 11:34:39.842|I|Thread-1|I18N.20230705_113434.001|customWebpage|Start Recording - ending activity
2023-07-05 11:34:39.842|I|Thread-1|I18N.20230705_113434.001|customWebpage|I18N Testing - executing activity
2023-07-05 11:34:39.842|I|Thread-1|I18N.20230705_113434.001|customWebpage|I18N Testing|#  6|web.openAndWait(url,waitM - executing openAndWait(url,waitMs)(${customWebPage.url}, ${waitTime})
2023-07-05 11:34:39.842|I|Thread-1|[chrome] initializing chrome
2023-07-05 11:34:39.953|I|Thread-1|[chrome] enabling chrome remote port: 60987
2023-07-05 11:34:42.422|I|Thread-1|[chrome] initializing for chrome 114.0.5735.199
2023-07-05 11:34:42.434|I|Thread-1|[DISPLAY] Currently discovered display(s):
2023-07-05 11:34:42.442|I|Thread-1|	1920x1080x32bpp@60Hz
2023-07-05 11:34:42.442|I|Thread-1|[DISPLAY] adjust position to display 1920x1080x32bpp@60Hz
2023-07-05 11:34:42.456|I|Thread-1|[DISPLAY] adjusting position within the bounds of target display: x=0,y=0,width=1280,height=720
2023-07-05 11:34:42.456|I|Thread-1|[DISPLAY] position adjusted to (0, 0)
2023-07-05 11:34:42.577|I|Thread-1|[chrome] browser initialization completed for 'chrome'
2023-07-05 11:34:42.587|I|Thread-1|[chrome] setting browser page load timeout to 15000 ms
2023-07-05 11:34:42.594|I|Thread-1|[chrome] detected nexial.web.alwaysWait; use fluent-wait (up to 1500 ms) during web automation
2023-07-05 11:34:43.241|I|Thread-1|JsEventStartTime: 1688537083241
2023-07-05 11:34:44.054|I|Thread-1|JsEventEndTime: 1688537084054
2023-07-05 11:34:44.707|I|Thread-1|I18N.20230705_113434.001|customWebpage|I18N Testing|#  6|web.openAndWait(url,waitM - PASS opened URL file:///C:/projects/Humanetics/artifact/data/violation.html
2023-07-05 11:34:49.896|I|Thread-1|Current scope for DOM change detection is : 859794897_20230705_113431_i18n_
2023-07-05 11:34:49.935|I|Thread-1|Target languages list=[ENGLISH]
2023-07-05 11:34:49.935|I|Thread-1|Supported Languages=[TELUGU]
2023-07-05 11:34:49.997|I|Thread-1|Languages[Lcom.github.pemistahl.lingua.api.Language;@10f8f689
2023-07-05 11:35:00.086|I|Thread-1|no of pages scrolled=1
2023-07-05 11:35:00.103|I|Thread-1|page tittle:మీ పేరు రాయండి please write your name
2023-07-05 11:35:00.144|I|Thread-1|page tittle:[[[ChromeDriver: chrome on WINDOWS (4df4108c55c48c7ddf080f6b38440f19)] -> xpath: //title]]
2023-07-05 11:35:13.690|I|Thread-1|I18N.20230705_113434.001|customWebpage|I18N Testing|#  7|web.click(locator)        - executing click(locator)(${show_alert.button})
2023-07-05 11:35:14.384|I|Thread-1|clicking '//button[text()='Show Alert']'...
2023-07-05 11:35:14.415|I|Thread-1|click target via JS, @id=
2023-07-05 11:35:14.438|I|Thread-1|JsEventStartTime: 1688537114438
2023-07-05 11:35:14.494|I|Thread-1|clicked -> null
2023-07-05 11:35:14.494|I|Thread-1|JsEventEndTime: 1688537114494
2023-07-05 11:35:14.566|I|Thread-1|I18N.20230705_113434.001|customWebpage|I18N Testing|#  7|web.click(locator)        - PASS click via JS event
2023-07-05 11:35:19.575|I|Thread-1|Alert message===హలో, ప్రపంచం!
2023-07-05 11:35:19.575|I|Thread-1|Target languages list=[ENGLISH]
2023-07-05 11:35:19.575|I|Thread-1|Supported Languages=[TELUGU]
2023-07-05 11:35:19.575|I|Thread-1|Languages[Lcom.github.pemistahl.lingua.api.Language;@34176cc4
2023-07-05 11:35:19.984|I|Thread-1|I18N.20230705_113434.001|customWebpage|I18N Testing|#  8|webalert.accept()         - executing accept()()
2023-07-05 11:35:20.595|I|Thread-1|found dialog text - హలో, ప్రపంచం!
2023-07-05 11:35:20.609|I|Thread-1|I18N.20230705_113434.001|customWebpage|I18N Testing|#  8|webalert.accept()         - PASS accepted dialog 'హలో, ప్రపంచం!'
2023-07-05 11:35:25.615|I|Thread-1|Target languages list=[ENGLISH]
2023-07-05 11:35:25.615|I|Thread-1|Supported Languages=[TELUGU]
2023-07-05 11:35:25.615|I|Thread-1|Languages[Lcom.github.pemistahl.lingua.api.Language;@2caa9434
2023-07-05 11:35:35.663|I|Thread-1|no of pages scrolled=1
2023-07-05 11:35:35.674|I|Thread-1|page tittle:మీ పేరు రాయండి please write your name
2023-07-05 11:35:35.686|I|Thread-1|page tittle:[[[ChromeDriver: chrome on WINDOWS (4df4108c55c48c7ddf080f6b38440f19)] -> xpath: //title]]
2023-07-05 11:35:48.324|I|Thread-1|I18N.20230705_113434.001|customWebpage|I18N Testing|#  9|web.click(locator)        - executing click(locator)(${show_prompt.button})
2023-07-05 11:35:49.016|I|Thread-1|clicking '//button[text()='Show Confirm']'...
2023-07-05 11:35:49.044|I|Thread-1|click target via JS, @id=
2023-07-05 11:35:49.048|I|Thread-1|JsEventStartTime: 1688537149048
2023-07-05 11:35:49.064|I|Thread-1|clicked -> null
2023-07-05 11:35:49.066|I|Thread-1|JsEventEndTime: 1688537149064
2023-07-05 11:35:49.107|I|Thread-1|I18N.20230705_113434.001|customWebpage|I18N Testing|#  9|web.click(locator)        - PASS click via JS event
2023-07-05 11:35:54.124|I|Thread-1|Alert message===Are you sure?
2023-07-05 11:35:54.124|I|Thread-1|Target languages list=[ENGLISH]
2023-07-05 11:35:54.124|I|Thread-1|Supported Languages=[TELUGU]
2023-07-05 11:35:54.124|I|Thread-1|Languages[Lcom.github.pemistahl.lingua.api.Language;@58f4eec8
2023-07-05 11:35:54.124|I|Thread-1|I18N.20230705_113434.001|customWebpage|I18N Testing|# 10|webalert.accept()         - executing accept()()
2023-07-05 11:35:54.737|I|Thread-1|found dialog text - Are you sure?
2023-07-05 11:35:54.737|I|Thread-1|I18N.20230705_113434.001|customWebpage|I18N Testing|# 10|webalert.accept()         - PASS accepted dialog 'Are you sure?'
2023-07-05 11:35:59.759|I|Thread-1|Alert message===You clicked OK!
2023-07-05 11:35:59.759|I|Thread-1|Target languages list=[ENGLISH]
2023-07-05 11:35:59.759|I|Thread-1|Supported Languages=[TELUGU]
2023-07-05 11:35:59.759|I|Thread-1|Languages[Lcom.github.pemistahl.lingua.api.Language;@2bd09b3f
2023-07-05 11:35:59.765|I|Thread-1|I18N.20230705_113434.001|customWebpage|I18N Testing|# 11|webalert.accept()         - executing accept()()
2023-07-05 11:36:00.369|I|Thread-1|found dialog text - You clicked OK!
2023-07-05 11:36:00.382|I|Thread-1|I18N.20230705_113434.001|customWebpage|I18N Testing|# 11|webalert.accept()         - PASS accepted dialog 'You clicked OK!'
2023-07-05 11:36:05.389|I|Thread-1|Target languages list=[ENGLISH]
2023-07-05 11:36:05.389|I|Thread-1|Supported Languages=[TELUGU]
2023-07-05 11:36:05.389|I|Thread-1|Languages[Lcom.github.pemistahl.lingua.api.Language;@5c46971d
2023-07-05 11:36:15.440|I|Thread-1|no of pages scrolled=1
2023-07-05 11:36:15.448|I|Thread-1|page tittle:మీ పేరు రాయండి please write your name
2023-07-05 11:36:15.468|I|Thread-1|page tittle:[[[ChromeDriver: chrome on WINDOWS (4df4108c55c48c7ddf080f6b38440f19)] -> xpath: //title]]
2023-07-05 11:36:27.650|I|Thread-1|I18N.20230705_113434.001|customWebpage|I18N Testing|# 12|web.click(locator)        - executing click(locator)(${show_confirm.button})
2023-07-05 11:36:28.330|I|Thread-1|clicking '//button[text()='Show Prompt']'...
2023-07-05 11:36:28.359|I|Thread-1|click target via JS, @id=
2023-07-05 11:36:28.376|I|Thread-1|JsEventStartTime: 1688537188376
2023-07-05 11:36:28.391|I|Thread-1|clicked -> null
2023-07-05 11:36:28.391|I|Thread-1|JsEventEndTime: 1688537188391
2023-07-05 11:36:28.422|I|Thread-1|I18N.20230705_113434.001|customWebpage|I18N Testing|# 12|web.click(locator)        - PASS click via JS event
2023-07-05 11:36:33.431|I|Thread-1|Alert message===మీ పేరు ఏమిటి?
2023-07-05 11:36:33.431|I|Thread-1|Target languages list=[ENGLISH]
2023-07-05 11:36:33.431|I|Thread-1|Supported Languages=[TELUGU]
2023-07-05 11:36:33.431|I|Thread-1|Languages[Lcom.github.pemistahl.lingua.api.Language;@387a1334
2023-07-05 11:36:33.735|I|Thread-1|I18N.20230705_113434.001|customWebpage|I18N Testing|# 13|webalert.accept()         - executing accept()()
2023-07-05 11:36:34.353|I|Thread-1|found dialog text - మీ పేరు ఏమిటి?
2023-07-05 11:36:34.356|I|Thread-1|I18N.20230705_113434.001|customWebpage|I18N Testing|# 13|webalert.accept()         - PASS accepted dialog 'మీ పేరు ఏమిటి?'
2023-07-05 11:36:39.365|I|Thread-1|Alert message===Hello, !
2023-07-05 11:36:39.365|I|Thread-1|Target languages list=[ENGLISH]
2023-07-05 11:36:39.365|I|Thread-1|Supported Languages=[TELUGU]
2023-07-05 11:36:39.373|I|Thread-1|Languages[Lcom.github.pemistahl.lingua.api.Language;@44ddd694
2023-07-05 11:36:39.373|I|Thread-1|I18N.20230705_113434.001|customWebpage|I18N Testing|# 14|webalert.accept()         - executing accept()()
2023-07-05 11:36:39.987|I|Thread-1|found dialog text - Hello, !
2023-07-05 11:36:39.996|I|Thread-1|I18N.20230705_113434.001|customWebpage|I18N Testing|# 14|webalert.accept()         - PASS accepted dialog 'Hello, !'
2023-07-05 11:36:45.003|I|Thread-1|Target languages list=[ENGLISH]
2023-07-05 11:36:45.003|I|Thread-1|Supported Languages=[TELUGU]
2023-07-05 11:36:45.003|I|Thread-1|Languages[Lcom.github.pemistahl.lingua.api.Language;@63e7d93
2023-07-05 11:36:55.050|I|Thread-1|no of pages scrolled=1
2023-07-05 11:36:55.059|I|Thread-1|page tittle:మీ పేరు రాయండి please write your name
2023-07-05 11:36:55.075|I|Thread-1|page tittle:[[[ChromeDriver: chrome on WINDOWS (4df4108c55c48c7ddf080f6b38440f19)] -> xpath: //title]]
2023-07-05 11:37:07.315|I|Thread-1|I18N.20230705_113434.001|customWebpage|I18N Testing - ending activity
2023-07-05 11:37:07.315|I|Thread-1|I18N.20230705_113434.001|customWebpage|Stop Recording - executing activity
2023-07-05 11:37:07.315|I|Thread-1|I18N.20230705_113434.001|customWebpage|Stop Recording|# 15|base.stopRecording()      - executing stopRecording()()
2023-07-05 11:37:07.927|I|Thread-1|stopping currently in-progress desktop recording...
2023-07-05 11:37:08.933|I|Thread-1|stopping screen recording service...
2023-07-05 11:37:09.405|I|Thread-1|I18N.20230705_113434.001|customWebpage|Stop Recording|# 15|base.stopRecording()      - PASS previous desktop recording saved and is accessible via C:\projects\Humanetics\output\20230705_113431\captures\I18N.20230705_113434.001.xlsx_customWebpage_A5.mp4
2023-07-05 11:37:09.405|I|Thread-1|I18N.20230705_113434.001|customWebpage|Stop Recording - ending activity
2023-07-05 11:37:09.846|I|Thread-1|[I18N.20230705_113434.001|customWebpage] saving test scenario
2023-07-05 11:37:10.130|I|Thread-1|[20230705_113431] 
/-ITERATION COMPLETE------------------------------------------------------------
| Test Output:    C:\projects\Humanetics\output\20230705_113431\I18N.20230705_113434.001.xlsx
| Iteration:      1
\-------------------------------------------------------------------------------
» Execution Time: 153207 ms
» Test Steps:     11
» Error(s):       0



2023-07-05 11:37:11.670|I|Thread-1|[20230705_113431] 
/-SCRIPT COMPLETE---------------------------------------------------------------
| Test Script:    C:\projects\Humanetics\artifact\script\I18N.xlsx
\-------------------------------------------------------------------------------
» Execution Time: 158751 ms
» Iterations:     [1] total 1
» Test Steps:     11
» Passed:         11
» Error(s):       0
» Iteration 1 of 1: C:\projects\Humanetics\output\20230705_113431\I18N.20230705_113434.001.xlsx



2023-07-05 11:37:11.685|I|Thread-1|nexial mailer not enabled: nexial.enableEmail=false
2023-07-05 11:37:11.920|I|main|[20230705_113431] [C:\projects\Humanetics\artifact\script\I18N.xlsx] now completed
2023-07-05 11:37:11.920|I|main|[20230705_113431] all execution thread(s) have terminated
2023-07-05 11:37:11.920|I|main|[20230705_113431] test run completed in about 160 seconds
2023-07-05 11:37:12.046|I|main|No predefined nexial-setup found
2023-07-05 11:37:12.107|I|main|outputBase not set; output-to-cloud DISABLED!
2023-07-05 11:37:12.109|I|main|accessKey not set; output-to-cloud DISABLED!
2023-07-05 11:37:12.109|I|main|secretKey not set; output-to-cloud DISABLED!
2023-07-05 11:37:12.109|I|main|generating HTML output for this execution to C:\projects\Humanetics\output\20230705_113431\execution-output.html
2023-07-05 11:37:13.785|I|main|generating JUnit XML output for this execution to C:\projects\Humanetics\output\20230705_113431\junit.xml
2023-07-05 11:37:13.867|I|main|generated the JUnit report for this execution: C:\projects\Humanetics\output\20230705_113431\junit.xml
2023-07-05 11:37:13.901|I|main|Quantitative metrics enabled 
2023-07-05 11:37:17.017|I|main|[C:\Users\al5170\tmp\quantitativeMetrics.zip]: Unzipping to C:\projects\Humanetics\output\20230705_113431\quantitative-user-metrics\img
2023-07-05 11:37:17.054|I|main|[C:\Users\al5170\tmp\quantitativeMetrics.zip]: Unzipping to C:\projects\Humanetics\output\20230705_113431\quantitative-user-metrics\img\accionlabs-logo.f4f8aee8.png
2023-07-05 11:37:17.061|I|main|[C:\Users\al5170\tmp\quantitativeMetrics.zip]: Unzipping to C:\projects\Humanetics\output\20230705_113431\quantitative-user-metrics\img\earth.3f7d4abb.jpg
2023-07-05 11:37:17.065|I|main|[C:\Users\al5170\tmp\quantitativeMetrics.zip]: Unzipping to C:\projects\Humanetics\output\20230705_113431\quantitative-user-metrics\index.html
2023-07-05 11:37:17.071|I|main|[C:\Users\al5170\tmp\quantitativeMetrics.zip]: Unzipping to C:\projects\Humanetics\output\20230705_113431\quantitative-user-metrics\js
2023-07-05 11:37:17.075|I|main|[C:\Users\al5170\tmp\quantitativeMetrics.zip]: Unzipping to C:\projects\Humanetics\output\20230705_113431\quantitative-user-metrics\js\index.50ebb811.js.map
2023-07-05 11:37:17.078|I|main|[C:\Users\al5170\tmp\quantitativeMetrics.zip]: Unzipping to C:\projects\Humanetics\output\20230705_113431\quantitative-user-metrics\js\chunk-vendors.0f47f2c1.js
2023-07-05 11:37:17.093|I|main|[C:\Users\al5170\tmp\quantitativeMetrics.zip]: Unzipping to C:\projects\Humanetics\output\20230705_113431\quantitative-user-metrics\js\chunk-vendors.0f47f2c1.js.map
2023-07-05 11:37:17.141|I|main|[C:\Users\al5170\tmp\quantitativeMetrics.zip]: Unzipping to C:\projects\Humanetics\output\20230705_113431\quantitative-user-metrics\js\index.50ebb811.js
2023-07-05 11:37:17.157|I|main|[C:\Users\al5170\tmp\quantitativeMetrics.zip]: Unzipping to C:\projects\Humanetics\output\20230705_113431\quantitative-user-metrics\css
2023-07-05 11:37:17.157|I|main|[C:\Users\al5170\tmp\quantitativeMetrics.zip]: Unzipping to C:\projects\Humanetics\output\20230705_113431\quantitative-user-metrics\css\index.9b363a0b.css
2023-07-05 11:37:17.157|I|main|[C:\Users\al5170\tmp\quantitativeMetrics.zip]: Unzipping to C:\projects\Humanetics\output\20230705_113431\quantitative-user-metrics\css\chunk-vendors.bf9c05a4.css
2023-07-05 11:37:17.172|I|main|[C:\Users\al5170\tmp\quantitativeMetrics.zip]: Unzipping to C:\projects\Humanetics\output\20230705_113431\quantitative-user-metrics\favicon_accion.ico
2023-07-05 11:37:17.255|I|main|nexial mailer not enabled: nexial.enableEmail=false
2023-07-05 11:37:17.255|I|main|skipped email notification as configured
2023-07-05 11:37:17.255|I|main|exiting current script/plan execution
2023-07-05 11:37:17.255|I|main|exiting Nexial...
2023-07-05 11:37:17.255|I|main|shutdown starts...
2023-07-05 11:37:17.255|I|main|stopping screen recording service...
2023-07-05 11:37:17.255|I|main|[chrome] Shutting down webdriver...
2023-07-05 11:37:17.267|I|main|[chrome] Close the current window...
2023-07-05 11:37:17.374|I|main|[chrome] Quit this driver, closing every associated window.
2023-07-05 11:37:18.727|I|main|shutdown ends...
2023-07-05 11:37:18.736|I|main|

/-END OF EXECUTION--------------------------------------------------------------
| » Execution Time: 159 sec.
| » Test Steps....: 11
| » Passed........: 11
| » Failed........: 0
| » Success Rate..: 100.00%
\----------------------------------------------------------nexial-core dev_0000-

2023-07-05 11:37:18.736|I|main|ALL PASSED!
2023-07-05 11:37:18.758|I|main|End of Execution:
NEXIAL_OUTPUT:         C:\projects\Humanetics\output\20230705_113431
NEXIAL_EXECUTION_HTML: C:\projects\Humanetics\output\20230705_113431\execution-output.html
NEXIAL_JUNIT_XML:      C:\projects\Humanetics\output\20230705_113431\junit.xml
NEXIAL_SUCCESS_RATE:   100.00%
NEXIAL_EXIT_STATUS:    0
